

*******************************************************************************
Tue Dec 15 20:50:37 2020


FIT:    data read from '3-1.txt'
        format = z
        #datapoints = 10
        residuals are weighted equally (unit weight)

function used for fitting: y(x)
	y(x)=k*x+b
fitted parameters initialized with current variable values

iter      chisq       delta/lim  lambda   k             b            
   0 1.0390036548e+03   0.00e+00  7.07e-01    1.000000e+00   1.000000e+00
   8 5.9619145299e-04  -4.98e-09  7.07e-09   -3.883248e+03   2.251357e+01

After 8 iterations the fit converged.
final sum of squares of residuals : 0.000596191
rel. change during last iteration : -4.98282e-14

degrees of freedom    (FIT_NDF)                        : 8
rms of residuals      (FIT_STDFIT) = sqrt(WSSR/ndf)    : 0.00863272
variance of residuals (reduced chisquare) = WSSR/ndf   : 7.45239e-05

Final set of parameters            Asymptotic Standard Error
=======================            ==========================
k               = -3883.25         +/- 50.48        (1.3%)
b               = 22.5136          +/- 0.1472       (0.6537%)

correlation matrix of the fit parameters:
                k      b      
k               1.000 
b              -1.000  1.000 


*******************************************************************************
Tue Dec 15 20:52:38 2020


FIT:    data read from '3-1.txt'
        format = z
        #datapoints = 10
        residuals are weighted equally (unit weight)

function used for fitting: y(x)
	y(x)=k*x+b
fitted parameters initialized with current variable values

iter      chisq       delta/lim  lambda   k             b            
   0 1.0390036548e+03   0.00e+00  7.07e-01    1.000000e+00   1.000000e+00
   8 5.9619145299e-04  -4.98e-09  7.07e-09   -3.883248e+03   2.251357e+01

After 8 iterations the fit converged.
final sum of squares of residuals : 0.000596191
rel. change during last iteration : -4.98282e-14

degrees of freedom    (FIT_NDF)                        : 8
rms of residuals      (FIT_STDFIT) = sqrt(WSSR/ndf)    : 0.00863272
variance of residuals (reduced chisquare) = WSSR/ndf   : 7.45239e-05

Final set of parameters            Asymptotic Standard Error
=======================            ==========================
k               = -3883.25         +/- 50.48        (1.3%)
b               = 22.5136          +/- 0.1472       (0.6537%)

correlation matrix of the fit parameters:
                k      b      
k               1.000 
b              -1.000  1.000 


*******************************************************************************
Tue Dec 15 20:53:51 2020


FIT:    data read from '2-1.txt'
        format = z
        #datapoints = 10
        residuals are weighted equally (unit weight)

function used for fitting: y(x)
	y(x)=k*x+b
fitted parameters initialized with current variable values

iter      chisq       delta/lim  lambda   k             b            
   0 1.0377062871e+03   0.00e+00  7.07e-01    1.000000e+00   1.000000e+00
   8 6.9967297650e-04  -6.29e-09  7.07e-09   -3.735183e+03   2.207939e+01

After 8 iterations the fit converged.
final sum of squares of residuals : 0.000699673
rel. change during last iteration : -6.29131e-14

degrees of freedom    (FIT_NDF)                        : 8
rms of residuals      (FIT_STDFIT) = sqrt(WSSR/ndf)    : 0.00935196
variance of residuals (reduced chisquare) = WSSR/ndf   : 8.74591e-05

Final set of parameters            Asymptotic Standard Error
=======================            ==========================
k               = -3735.18         +/- 53.43        (1.43%)
b               = 22.0794          +/- 0.1558       (0.7057%)

correlation matrix of the fit parameters:
                k      b      
k               1.000 
b              -1.000  1.000 


*******************************************************************************
Tue Dec 15 20:55:52 2020


FIT:    data read from '1-1.txt'
        format = z
        #datapoints = 10
        residuals are weighted equally (unit weight)

function used for fitting: y(x)
	y(x)=k*x+b
fitted parameters initialized with current variable values

iter      chisq       delta/lim  lambda   k             b            
   0 1.0386668009e+03   0.00e+00  7.07e-01    1.000000e+00   1.000000e+00
   8 9.4732898172e-04  -2.08e-09  7.07e-09   -3.834595e+03   2.237388e+01

After 8 iterations the fit converged.
final sum of squares of residuals : 0.000947329
rel. change during last iteration : -2.08296e-14

degrees of freedom    (FIT_NDF)                        : 8
rms of residuals      (FIT_STDFIT) = sqrt(WSSR/ndf)    : 0.0108819
variance of residuals (reduced chisquare) = WSSR/ndf   : 0.000118416

Final set of parameters            Asymptotic Standard Error
=======================            ==========================
k               = -3834.6          +/- 62.17        (1.621%)
b               = 22.3739          +/- 0.1813       (0.8104%)

correlation matrix of the fit parameters:
                k      b      
k               1.000 
b              -1.000  1.000 
